#-----------------------------------------------------------
# Webtalk v2018.3 (64-bit)
# SW Build 2405991 on Thu Dec  6 23:38:27 MST 2018
# 
# Start of session at: Tue Apr 22 20:53:15 2025
# Process ID: 25384
# Current directory: C:/Users/ChristopherSam/XilinxProjects/HelloEthernet/HelloEthernet.sdk/webtalk
# Command line: wbtcv.exe -mode batch -source sdk_webtalk.tcl
# Log file: C:/Users/ChristopherSam/XilinxProjects/HelloEthernet/HelloEthernet.sdk/webtalk/webtalk.log
# Journal file: C:/Users/ChristopherSam/XilinxProjects/HelloEthernet/HelloEthernet.sdk/webtalk\webtalk.jou
#-----------------------------------------------------------
source sdk_webtalk.tcl
# webtalk_init -webtalk_dir C:\\Users\\ChristopherSam\\XilinxProjects\\HelloEthernet\\HelloEthernet.sdk\\webtalk
# webtalk_register_client -client project
# webtalk_add_data -client project -key date_generated -value "2025-04-22 20:53:14" -context "software_version_and_target_device"
# webtalk_add_data -client project -key product_version -value "SDK v2018.3" -context "software_version_and_target_device"
# webtalk_add_data -client project -key build_version -value "2018.3" -context "software_version_and_target_device"
# webtalk_add_data -client project -key os_platform -value "amd64" -context "software_version_and_target_device"
# webtalk_add_data -client project -key registration_id -value "211583763_0_0_501" -context "software_version_and_target_device"
# webtalk_add_data -client project -key tool_flow -value "SDK" -context "software_version_and_target_device"
# webtalk_add_data -client project -key beta -value "false" -context "software_version_and_target_device"
# webtalk_add_data -client project -key route_design -value "NA" -context "software_version_and_target_device"
# webtalk_add_data -client project -key target_family -value "NA" -context "software_version_and_target_device"
# webtalk_add_data -client project -key target_device -value "NA" -context "software_version_and_target_device"
# webtalk_add_data -client project -key target_package -value "NA" -context "software_version_and_target_device"
# webtalk_add_data -client project -key target_speed -value "NA" -context "software_version_and_target_device"
# webtalk_add_data -client project -key random_id -value "fuk27jtqsrs7lrcs74buftg4h" -context "software_version_and_target_device"
# webtalk_add_data -client project -key project_id -value "2018.3_2" -context "software_version_and_target_device"
# webtalk_add_data -client project -key project_iteration -value "2" -context "software_version_and_target_device"
# webtalk_add_data -client project -key os_name -value "Microsoft Windows 8 or later , 64-bit" -context "user_environment"
# webtalk_add_data -client project -key os_release -value "major release  (build 9200)" -context "user_environment"
# webtalk_add_data -client project -key cpu_name -value "Intel(R) Core(TM) i7-8750H CPU @ 2.20GHz" -context "user_environment"
# webtalk_add_data -client project -key cpu_speed -value "2208 MHz" -context "user_environment"
# webtalk_add_data -client project -key total_processors -value "1" -context "user_environment"
# webtalk_add_data -client project -key system_ram -value "16.897 GB" -context "user_environment"
# webtalk_register_client -client sdk
# webtalk_add_data -client sdk -key uid -value "1745379755247" -context "sdk\\\\bsp/1745379755247"
# webtalk_add_data -client sdk -key hwid -value "1745378611141" -context "sdk\\\\bsp/1745379755247"
# webtalk_add_data -client sdk -key os -value "standalone" -context "sdk\\\\bsp/1745379755247"
# webtalk_add_data -client sdk -key apptemplate -value "lwip_echo_server" -context "sdk\\\\bsp/1745379755247"
# webtalk_add_data -client sdk -key RecordType -value "BSPCreation" -context "sdk\\\\bsp/1745379755247"
# webtalk_add_data -client sdk -key uid -value "NA" -context "sdk\\\\bsp/1745380394170"
# webtalk_add_data -client sdk -key RecordType -value "ToolUsage" -context "sdk\\\\bsp/1745380394170"
# webtalk_add_data -client sdk -key BootgenCount -value "0" -context "sdk\\\\bsp/1745380394170"
# webtalk_add_data -client sdk -key DebugCount -value "0" -context "sdk\\\\bsp/1745380394170"
# webtalk_add_data -client sdk -key PerfCount -value "0" -context "sdk\\\\bsp/1745380394170"
# webtalk_add_data -client sdk -key FlashCount -value "0" -context "sdk\\\\bsp/1745380394170"
# webtalk_add_data -client sdk -key CrossTriggCount -value "0" -context "sdk\\\\bsp/1745380394170"
# webtalk_add_data -client sdk -key QemuDebugCount -value "0" -context "sdk\\\\bsp/1745380394170"
# webtalk_transmit -clientid 2861475741 -regid "211583763_0_0_501" -xml C:\\Users\\ChristopherSam\\XilinxProjects\\HelloEthernet\\HelloEthernet.sdk\\webtalk\\usage_statistics_ext_sdk.xml -html C:\\Users\\ChristopherSam\\XilinxProjects\\HelloEthernet\\HelloEthernet.sdk\\webtalk\\usage_statistics_ext_sdk.html -wdm C:\\Users\\ChristopherSam\\XilinxProjects\\HelloEthernet\\HelloEthernet.sdk\\webtalk\\sdk_webtalk.wdm -intro "<H3>SDK Usage Report</H3><BR>"
# webtalk_terminate
INFO: [Common 17-206] Exiting Webtalk at Tue Apr 22 20:53:17 2025...
