Copyright 1986-2018 Xilinx, Inc. All Rights Reserved.
---------------------------------------------------------------------------------------------
| Tool Version : Vivado v.2018.3 (win64) Build 2405991 Thu Dec  6 23:38:27 MST 2018
| Date         : Wed Apr 23 17:32:23 2025
| Host         : DESKTOP-T6EH2BO running 64-bit major release  (build 9200)
| Command      : report_control_sets -verbose -file design_1_wrapper_control_sets_placed.rpt
| Design       : design_1_wrapper
| Device       : xc7a100t
---------------------------------------------------------------------------------------------

Control Set Information

Table of Contents
-----------------
1. Summary
2. Histogram
3. Flip-Flop Distribution
4. Detailed Control Set Information

1. Summary
----------

+----------------------------------------------------------+-------+
|                          Status                          | Count |
+----------------------------------------------------------+-------+
| Number of unique control sets                            |   103 |
| Unused register locations in slices containing registers |   300 |
+----------------------------------------------------------+-------+


2. Histogram
------------

+--------+--------------+
| Fanout | Control Sets |
+--------+--------------+
|      1 |           10 |
|      2 |            2 |
|      3 |            1 |
|      4 |           11 |
|      5 |            8 |
|      6 |            9 |
|      7 |            2 |
|      8 |            9 |
|     10 |            3 |
|     11 |            4 |
|     12 |            6 |
|     13 |            3 |
|     14 |            1 |
|     15 |            1 |
|    16+ |           33 |
+--------+--------------+


3. Flip-Flop Distribution
-------------------------

+--------------+-----------------------+------------------------+-----------------+--------------+
| Clock Enable | Synchronous Set/Reset | Asynchronous Set/Reset | Total Registers | Total Slices |
+--------------+-----------------------+------------------------+-----------------+--------------+
| No           | No                    | No                     |             330 |          112 |
| No           | No                    | Yes                    |              29 |            6 |
| No           | Yes                   | No                     |             435 |          177 |
| Yes          | No                    | No                     |             236 |           66 |
| Yes          | No                    | Yes                    |              15 |            8 |
| Yes          | Yes                   | No                     |             943 |          289 |
+--------------+-----------------------+------------------------+-----------------+--------------+


4. Detailed Control Set Information
-----------------------------------

+----------------------------------------------------------------+------------------------------------------------------------------------------------------------------------------------------------------------------------------------------------------------------------+-------------------------------------------------------------------------------------------------------------------------------------------------------------------------------------+------------------+----------------+
|                          Clock Signal                          |                                                                                                Enable Signal                                                                                               |                                                                                   Set/Reset Signal                                                                                  | Slice Load Count | Bel Load Count |
+----------------------------------------------------------------+------------------------------------------------------------------------------------------------------------------------------------------------------------------------------------------------------------+-------------------------------------------------------------------------------------------------------------------------------------------------------------------------------------+------------------+----------------+
|  design_1_i/mdm_1/U0/Use_E2.BSCAN_I/Dbg_Update_0               | design_1_i/microblaze_0/U0/MicroBlaze_Core_I/Performance.Core/Use_Debug_Logic.Master_Core.Debug_Perf/Control_Reg_En                                                                                        | design_1_i/microblaze_0/U0/MicroBlaze_Core_I/Performance.Core/Use_Debug_Logic.Master_Core.Debug_Perf/Serial_Dbg_Intf.force_stop_cmd_i_reg_0                                         |                1 |              1 |
|  design_1_i/clk_wiz_0/inst/clk_out1                            |                                                                                                                                                                                                            | design_1_i/axi_ethernetlite_0/U0/XEMAC_I/EMAC_I/RX/INST_CRCGENRX/crcokdelay                                                                                                         |                1 |              1 |
|  design_1_i/mdm_1/U0/No_Dbg_Reg_Access.BUFG_DRCK/Ext_JTAG_DRCK | design_1_i/mdm_1/U0/Use_E2.BSCAN_I/Use_BSCAN.PORT_Selector_reg[0]                                                                                                                                          | design_1_i/mdm_1/U0/MDM_Core_I1/JTAG_CONTROL_I/sel_with_scan_reset19_out                                                                                                            |                1 |              1 |
|  design_1_i/clk_wiz_0/inst/clk_out1                            |                                                                                                                                                                                                            | design_1_i/axi_ethernetlite_0/U0/XEMAC_I/EMAC_I/TX/INST_TX_STATE_MACHINE/rst                                                                                                        |                1 |              1 |
| ~design_1_i/mdm_1/U0/No_Dbg_Reg_Access.BUFG_DRCK/Ext_JTAG_DRCK | design_1_i/mdm_1/U0/MDM_Core_I1/JTAG_CONTROL_I/Use_BSCAN.FDC_I/CE                                                                                                                                          | design_1_i/mdm_1/U0/MDM_Core_I1/JTAG_CONTROL_I/Use_BSCAN.FDC_I/D_1                                                                                                                  |                1 |              1 |
|  design_1_i/mdm_1/U0/Use_E2.BSCAN_I/Dbg_Update_0               | design_1_i/microblaze_0/U0/MicroBlaze_Core_I/Performance.Core/Use_Debug_Logic.Master_Core.Debug_Perf/Control_Reg_En                                                                                        | design_1_i/microblaze_0/U0/MicroBlaze_Core_I/Performance.Core/Use_Debug_Logic.Master_Core.Debug_Perf/Serial_Dbg_Intf.normal_stop_cmd_i_reg_n_0                                      |                1 |              1 |
|  design_1_i/mdm_1/U0/Use_E2.BSCAN_I/Dbg_Update_0               | design_1_i/microblaze_0/U0/MicroBlaze_Core_I/Performance.Core/Use_Debug_Logic.Master_Core.Debug_Perf/Control_Reg_En                                                                                        | design_1_i/microblaze_0/U0/MicroBlaze_Core_I/Performance.Core/Use_Debug_Logic.Master_Core.Debug_Perf/Serial_Dbg_Intf.continue_from_brk_reg_n_0                                      |                1 |              1 |
|  design_1_i/mdm_1/U0/Use_E2.BSCAN_I/Dbg_Update_0               | design_1_i/microblaze_0/U0/MicroBlaze_Core_I/Performance.Core/Use_Debug_Logic.Master_Core.Debug_Perf/Control_Reg_En                                                                                        | design_1_i/microblaze_0/U0/MicroBlaze_Core_I/Performance.Core/Use_Debug_Logic.Master_Core.Debug_Perf/start_single_step_reg_n_0                                                      |                1 |              1 |
| ~design_1_i/mdm_1/U0/Use_E2.BSCAN_I/Dbg_Update_0               |                                                                                                                                                                                                            | design_1_i/mdm_1/U0/MDM_Core_I1/JTAG_CONTROL_I/sel_n                                                                                                                                |                1 |              1 |
|  design_1_i/clk_wiz_0/inst/clk_out1                            |                                                                                                                                                                                                            | design_1_i/microblaze_0/U0/MicroBlaze_Core_I/Performance.Core/Use_Debug_Logic.Master_Core.Debug_Perf/capture_1                                                                      |                1 |              1 |
|  design_1_i/clk_wiz_0/inst/clk_out1                            | design_1_i/microblaze_0/U0/MicroBlaze_Core_I/Performance.Core/Decode_I/Use_MuxCy[11].OF_Piperun_Stage/MUXCY_I/of_pause_reg                                                                                 |                                                                                                                                                                                     |                1 |              2 |
|  design_1_i/mdm_1/U0/Use_E2.BSCAN_I/Dbg_Update_0               | design_1_i/microblaze_0/U0/MicroBlaze_Core_I/Performance.Core/Use_Debug_Logic.Master_Core.Debug_Perf/Command_Reg_En                                                                                        | design_1_i/microblaze_0/U0/MicroBlaze_Core_I/Performance.Core/Use_Debug_Logic.Master_Core.Debug_Perf/command_reg_clear                                                              |                1 |              2 |
|  design_1_i/mdm_1/U0/Use_E2.BSCAN_I/Dbg_Update_0               |                                                                                                                                                                                                            |                                                                                                                                                                                     |                1 |              3 |
|  design_1_i/clk_wiz_0/inst/clk_out1                            |                                                                                                                                                                                                            | design_1_i/axi_ethernetlite_0/U0/XEMAC_I/EMAC_I/RX/INST_RX_INTRFCE/I_RX_FIFO/SR[0]                                                                                                  |                1 |              4 |
|  design_1_i/mdm_1/U0/No_Dbg_Reg_Access.BUFG_DRCK/Ext_JTAG_DRCK | design_1_i/mdm_1/U0/MDM_Core_I1/p_3_out                                                                                                                                                                    | design_1_i/mdm_1/U0/Use_E2.BSCAN_I/AR[0]                                                                                                                                            |                1 |              4 |
|  design_1_i/clk_wiz_0/inst/clk_out1                            |                                                                                                                                                                                                            | design_1_i/axi_ethernetlite_0/U0/XEMAC_I/EMAC_I/TX/INST_TX_STATE_MACHINE/Mac_addr_ram_we_i_1_n_0                                                                                    |                2 |              4 |
|  design_1_i/clk_wiz_0/inst/clk_out1                            | design_1_i/axi_uartlite_0/U0/UARTLITE_CORE_I/BAUD_RATE_I/p_2_out[0]                                                                                                                                        |                                                                                                                                                                                     |                2 |              4 |
|  design_1_i/clk_wiz_0/inst/clk_out1                            | design_1_i/axi_uartlite_0/U0/AXI_LITE_IPIF_I/I_SLAVE_ATTACHMENT/start2                                                                                                                                     | design_1_i/axi_uartlite_0/U0/AXI_LITE_IPIF_I/I_SLAVE_ATTACHMENT/I_DECODER/cs_ce_clr                                                                                                 |                1 |              4 |
|  design_1_i/clk_wiz_0/inst/clk_out1                            | design_1_i/axi_ethernetlite_0/U0/XEMAC_I/EMAC_I/TX/INST_TX_STATE_MACHINE/emac_tx_wr_i                                                                                                                      | design_1_i/axi_ethernetlite_0/U0/XEMAC_I/EMAC_I/TX/INST_TX_STATE_MACHINE/txComboBusFifoWrCntRst                                                                                     |                1 |              4 |
|  design_1_i/clk_wiz_0/inst/clk_out1                            | design_1_i/axi_ethernetlite_0/U0/XEMAC_I/EMAC_I/TX/INST_TX_STATE_MACHINE/mac_addr_ram_we                                                                                                                   |                                                                                                                                                                                     |                1 |              4 |
|  design_1_i/mdm_1/U0/Use_E2.BSCAN_I/Dbg_Update_0               | design_1_i/mdm_1/U0/MDM_Core_I1/MDM_SEL                                                                                                                                                                    | design_1_i/mdm_1/U0/Use_E2.BSCAN_I/AR[0]                                                                                                                                            |                1 |              4 |
|  design_1_i/mdm_1/U0/Use_E2.BSCAN_I/Dbg_Update_0               | design_1_i/microblaze_0/U0/MicroBlaze_Core_I/Performance.Core/Use_Debug_Logic.Master_Core.Debug_Perf/Control_Reg_En                                                                                        |                                                                                                                                                                                     |                1 |              4 |
|  design_1_i/clk_wiz_0/inst/clk_out1                            | design_1_i/axi_ethernetlite_0/U0/XEMAC_I/EMAC_I/TX/INST_TX_STATE_MACHINE/CE_1                                                                                                                              | design_1_i/axi_ethernetlite_0/U0/XEMAC_I/EMAC_I/TX/INST_TX_STATE_MACHINE/s_axi_aresetn_0                                                                                            |                1 |              4 |
| ~design_1_i/mdm_1/U0/Use_E2.BSCAN_I/Dbg_Update_0               |                                                                                                                                                                                                            | design_1_i/mdm_1/U0/Use_E2.BSCAN_I/AR[0]                                                                                                                                            |                1 |              4 |
|  design_1_i/axi_ethernetlite_0/U0/C                            |                                                                                                                                                                                                            | design_1_i/axi_ethernetlite_0/U0/XEMAC_I/EMAC_I/RX/INST_RX_INTRFCE/I_RX_FIFO/xpm_fifo_instance.xpm_fifo_async_inst/gnuram_async_fifo.xpm_fifo_base_inst/xpm_fifo_rst_inst/wrst_busy |                2 |              5 |
|  design_1_i/clk_wiz_0/inst/clk_out1                            | design_1_i/microblaze_0/U0/MicroBlaze_Core_I/Performance.Core/Decode_I/wb_Halted                                                                                                                           | design_1_i/microblaze_0/U0/MicroBlaze_Core_I/sync_reset                                                                                                                             |                2 |              5 |
|  design_1_i/clk_wiz_0/inst/clk_out1                            | design_1_i/axi_ethernetlite_0/U0/I_AXI_NATIVE_IPIF/AXI4_LITE_IF_GEN.read_in_prog_reg_5[0]                                                                                                                  | design_1_i/axi_ethernetlite_0/U0/I_AXI_NATIVE_IPIF/AXI4_LITE_IF_GEN.read_in_prog_reg_4                                                                                              |                2 |              5 |
|  design_1_i/axi_ethernetlite_0/U0/phy_tx_clk_core              |                                                                                                                                                                                                            | design_1_i/axi_ethernetlite_0/U0/XEMAC_I/EMAC_I/TX/INST_TX_INTRFCE/I_TX_FIFO/xpm_fifo_instance.xpm_fifo_async_inst/gnuram_async_fifo.xpm_fifo_base_inst/xpm_fifo_rst_inst/SR[0]     |                2 |              5 |
|  design_1_i/clk_wiz_0/inst/clk_out1                            |                                                                                                                                                                                                            | design_1_i/axi_ethernetlite_0/U0/XEMAC_I/EMAC_I/TX/INST_TX_INTRFCE/I_TX_FIFO/xpm_fifo_instance.xpm_fifo_async_inst/gnuram_async_fifo.xpm_fifo_base_inst/xpm_fifo_rst_inst/wrst_busy |                1 |              5 |
|  design_1_i/clk_wiz_0/inst/clk_out1                            | design_1_i/axi_ethernetlite_0/U0/XEMAC_I/EMAC_I/TX/INST_DEFERRAL_CONTROL/inst_deferral_state/FSM_sequential_thisState_reg[0]_0[0]                                                                          | design_1_i/axi_ethernetlite_0/U0/XEMAC_I/EMAC_I/TX/INST_TX_STATE_MACHINE/s_axi_aresetn_0                                                                                            |                1 |              5 |
|  design_1_i/clk_wiz_0/inst/clk_out1                            |                                                                                                                                                                                                            | design_1_i/rst_clk_wiz_0_100M/U0/EXT_LPF/lpf_int                                                                                                                                    |                3 |              5 |
|  design_1_i/clk_wiz_0/inst/clk_out1                            | design_1_i/axi_ethernetlite_0/U0/XEMAC_I/EMAC_I/TX/INST_DEFERRAL_CONTROL/inst_deferral_state/E[0]                                                                                                          | design_1_i/axi_ethernetlite_0/U0/XEMAC_I/EMAC_I/TX/INST_TX_STATE_MACHINE/s_axi_aresetn_0                                                                                            |                1 |              5 |
|  design_1_i/clk_wiz_0/inst/clk_out1                            |                                                                                                                                                                                                            | design_1_i/axi_ethernetlite_0/U0/XEMAC_I/EMAC_I/RX/INST_RX_INTRFCE/I_RX_FIFO/xpm_fifo_instance.xpm_fifo_async_inst/gnuram_async_fifo.xpm_fifo_base_inst/xpm_fifo_rst_inst/SR[0]     |                2 |              6 |
|  design_1_i/clk_wiz_0/inst/clk_out1                            |                                                                                                                                                                                                            | design_1_i/axi_uartlite_0/U0/UARTLITE_CORE_I/UARTLITE_RX_I/SRL_FIFO_I/I_SRL_FIFO_RBU_F/CNTR_INCR_DECR_ADDN_F_I/SS[0]                                                                |                2 |              6 |
|  design_1_i/clk_wiz_0/inst/clk_out1                            |                                                                                                                                                                                                            | design_1_i/axi_uartlite_0/U0/UARTLITE_CORE_I/UARTLITE_TX_I/SRL_FIFO_I/I_SRL_FIFO_RBU_F/CNTR_INCR_DECR_ADDN_F_I/SS[0]                                                                |                2 |              6 |
|  design_1_i/mdm_1/U0/No_Dbg_Reg_Access.BUFG_DRCK/Ext_JTAG_DRCK | design_1_i/mdm_1/U0/Use_E2.BSCAN_I/E[0]                                                                                                                                                                    |                                                                                                                                                                                     |                2 |              6 |
|  design_1_i/clk_wiz_0/inst/clk_out1                            | design_1_i/axi_ethernetlite_0/U0/XEMAC_I/EMAC_I/TX/INST_TX_STATE_MACHINE/RX_DONE_D1_I[0]                                                                                                                   |                                                                                                                                                                                     |                3 |              6 |
|  design_1_i/clk_wiz_0/inst/clk_out1                            | design_1_i/axi_ethernetlite_0/U0/XEMAC_I/MDIO_GEN.MDIO_IF_I/clk_cnt                                                                                                                                        | design_1_i/axi_ethernetlite_0/U0/XEMAC_I/EMAC_I/TX/INST_TX_STATE_MACHINE/s_axi_aresetn_0                                                                                            |                2 |              6 |
|  design_1_i/clk_wiz_0/inst/clk_out1                            | design_1_i/rst_clk_wiz_0_100M/U0/SEQ/seq_cnt_en                                                                                                                                                            | design_1_i/rst_clk_wiz_0_100M/U0/SEQ/SEQ_COUNTER/clear                                                                                                                              |                1 |              6 |
|  design_1_i/mdm_1/U0/No_Dbg_Reg_Access.BUFG_DRCK/Ext_JTAG_DRCK | design_1_i/mdm_1/U0/Use_E2.BSCAN_I/Use_BSCAN.command_reg[5][0]                                                                                                                                             |                                                                                                                                                                                     |                2 |              6 |
|  design_1_i/mdm_1/U0/No_Dbg_Reg_Access.BUFG_DRCK/Ext_JTAG_DRCK | design_1_i/mdm_1/U0/MDM_Core_I1/JTAG_CONTROL_I/Use_BSCAN.FDC_I/Use_BSCAN.command_reg[5][0]                                                                                                                 |                                                                                                                                                                                     |                1 |              6 |
|  design_1_i/clk_wiz_0/inst/clk_out1                            | design_1_i/axi_uartlite_0/U0/UARTLITE_CORE_I/BAUD_RATE_I/p_2_out[0]                                                                                                                                        | design_1_i/axi_uartlite_0/U0/UARTLITE_CORE_I/UARTLITE_RX_I/SERIAL_TO_PARALLEL[8].fifo_din[8]_i_1_n_0                                                                                |                2 |              7 |
|  design_1_i/clk_wiz_0/inst/clk_out1                            | design_1_i/axi_ethernetlite_0/U0/XEMAC_I/EMAC_I/RX/INST_RX_STATE/pkt_length_cnt[6]_i_2_n_0                                                                                                                 | design_1_i/axi_ethernetlite_0/U0/XEMAC_I/EMAC_I/RX/INST_RX_STATE/pkt_length_cnt0                                                                                                    |                3 |              7 |
|  design_1_i/axi_ethernetlite_0/U0/C                            | design_1_i/axi_ethernetlite_0/U0/XEMAC_I/EMAC_I/RX/INST_RX_INTRFCE/I_RX_FIFO/xpm_fifo_instance.xpm_fifo_async_inst/gnuram_async_fifo.xpm_fifo_base_inst/xpm_fifo_rst_inst/wr_pntr_plus1_pf_carry           |                                                                                                                                                                                     |                1 |              8 |
|  design_1_i/mdm_1/U0/Use_E2.BSCAN_I/Dbg_Update_0               | design_1_i/mdm_1/U0/MDM_Core_I1/JTAG_CONTROL_I/Use_BSCAN.FDC_I/Use_BSCAN.PORT_Selector_reg[2][0]                                                                                                           |                                                                                                                                                                                     |                1 |              8 |
|  design_1_i/clk_wiz_0/inst/clk_out1                            | design_1_i/axi_uartlite_0/U0/AXI_LITE_IPIF_I/I_SLAVE_ATTACHMENT/I_DECODER/fifo_wr                                                                                                                          |                                                                                                                                                                                     |                1 |              8 |
| ~design_1_i/mdm_1/U0/Use_E2.BSCAN_I/Dbg_Update_0               | design_1_i/mdm_1/U0/MDM_Core_I1/JTAG_CONTROL_I/Use_BSCAN.command[0]_i_1_n_0                                                                                                                                |                                                                                                                                                                                     |                2 |              8 |
|  design_1_i/clk_wiz_0/inst/clk_out1                            | design_1_i/axi_ethernetlite_0/U0/XEMAC_I/EMAC_I/TX/INST_TX_INTRFCE/I_TX_FIFO/xpm_fifo_instance.xpm_fifo_async_inst/gnuram_async_fifo.xpm_fifo_base_inst/xpm_fifo_rst_inst/wr_pntr_plus1_pf_carry           |                                                                                                                                                                                     |                1 |              8 |
|  design_1_i/clk_wiz_0/inst/clk_out1                            | design_1_i/axi_uartlite_0/U0/UARTLITE_CORE_I/UARTLITE_RX_I/SRL_FIFO_I/I_SRL_FIFO_RBU_F/DYNSHREG_F_I/fifo_wr                                                                                                |                                                                                                                                                                                     |                1 |              8 |
|  design_1_i/clk_wiz_0/inst/clk_out1                            | design_1_i/axi_uartlite_0/U0/AXI_LITE_IPIF_I/I_SLAVE_ATTACHMENT/s_axi_rresp_i                                                                                                                              | design_1_i/axi_uartlite_0/U0/AXI_LITE_IPIF_I/I_SLAVE_ATTACHMENT/rst                                                                                                                 |                3 |              8 |
|  design_1_i/mdm_1/U0/No_Dbg_Reg_Access.BUFG_DRCK/Ext_JTAG_DRCK | design_1_i/mdm_1/U0/MDM_Core_I1/JTAG_CONTROL_I/tdi_shifter0                                                                                                                                                |                                                                                                                                                                                     |                2 |              8 |
|  design_1_i/mdm_1/U0/No_Dbg_Reg_Access.BUFG_DRCK/Ext_JTAG_DRCK | design_1_i/microblaze_0/U0/MicroBlaze_Core_I/Performance.Core/Use_Debug_Logic.Master_Core.Debug_Perf/Using_PC_Breakpoints.All_PC_Brks[0].Serial_Interface_1.address_hit_I/Compare[0].SRLC16E_I/which_pc__0 |                                                                                                                                                                                     |                7 |              8 |
|  design_1_i/clk_wiz_0/inst/clk_out1                            | design_1_i/axi_ethernetlite_0/U0/I_AXI_NATIVE_IPIF/reg_data_out0__0                                                                                                                                        | design_1_i/axi_ethernetlite_0/U0/I_AXI_NATIVE_IPIF/s_axi_aresetn_3                                                                                                                  |                3 |             10 |
|  design_1_i/clk_wiz_0/inst/clk_out1                            |                                                                                                                                                                                                            | design_1_i/axi_uartlite_0/U0/AXI_LITE_IPIF_I/I_SLAVE_ATTACHMENT/rst                                                                                                                 |                4 |             10 |
|  design_1_i/mdm_1/U0/No_Dbg_Reg_Access.BUFG_DRCK/Ext_JTAG_DRCK | design_1_i/mdm_1/U0/MDM_Core_I1/JTAG_CONTROL_I/Use_BSCAN.FDC_I/E[0]                                                                                                                                        |                                                                                                                                                                                     |                5 |             10 |
|  design_1_i/clk_wiz_0/inst/clk_out1                            | design_1_i/axi_ethernetlite_0/U0/I_AXI_NATIVE_IPIF/AXI4_LITE_IF_GEN.write_in_prog_reg_0[0]                                                                                                                 | design_1_i/axi_ethernetlite_0/U0/XEMAC_I/EMAC_I/TX/INST_TX_STATE_MACHINE/s_axi_aresetn_0                                                                                            |                2 |             11 |
|  design_1_i/clk_wiz_0/inst/clk_out1                            | design_1_i/axi_ethernetlite_0/U0/I_AXI_NATIVE_IPIF/AXI4_LITE_IF_GEN.read_in_prog_reg_5[0]                                                                                                                  |                                                                                                                                                                                     |                4 |             11 |
|  design_1_i/clk_wiz_0/inst/clk_out1                            | design_1_i/axi_ethernetlite_0/U0/I_AXI_NATIVE_IPIF/AXI4_LITE_IF_GEN.bus2ip_addr_i[12]_i_1_n_0                                                                                                              | design_1_i/axi_ethernetlite_0/U0/XEMAC_I/EMAC_I/TX/INST_TX_STATE_MACHINE/s_axi_aresetn_0                                                                                            |                3 |             11 |
|  design_1_i/clk_wiz_0/inst/clk_out1                            |                                                                                                                                                                                                            | design_1_i/microblaze_0_axi_periph/xbar/inst/gen_sasd.crossbar_sasd_0/addr_arbiter_inst/SR[0]                                                                                       |                5 |             11 |
|  design_1_i/axi_ethernetlite_0/U0/C                            | design_1_i/axi_ethernetlite_0/U0/XEMAC_I/EMAC_I/RX/INST_RX_INTRFCE/I_RX_FIFO/xpm_fifo_instance.xpm_fifo_async_inst/gnuram_async_fifo.xpm_fifo_base_inst/xpm_fifo_rst_inst/wr_pntr_plus1_pf_carry           | design_1_i/axi_ethernetlite_0/U0/XEMAC_I/EMAC_I/RX/INST_RX_INTRFCE/I_RX_FIFO/xpm_fifo_instance.xpm_fifo_async_inst/gnuram_async_fifo.xpm_fifo_base_inst/xpm_fifo_rst_inst/wrst_busy |                3 |             12 |
|  design_1_i/clk_wiz_0/inst/clk_out1                            | design_1_i/axi_ethernetlite_0/U0/XEMAC_I/EMAC_I/TX/INST_TX_STATE_MACHINE/tx_addr_en                                                                                                                        | design_1_i/axi_ethernetlite_0/U0/XEMAC_I/EMAC_I/TX/INST_TX_STATE_MACHINE/STATE8A_2                                                                                                  |                3 |             12 |
|  design_1_i/clk_wiz_0/inst/clk_out1                            | design_1_i/axi_ethernetlite_0/U0/XEMAC_I/EMAC_I/RX/INST_RX_STATE/gdvld.data_valid_std_reg                                                                                                                  | design_1_i/axi_ethernetlite_0/U0/XEMAC_I/EMAC_I/RX/INST_RX_STATE/state3a_0                                                                                                          |                3 |             12 |
|  design_1_i/clk_wiz_0/inst/clk_out1                            | design_1_i/axi_ethernetlite_0/U0/XEMAC_I/EMAC_I/TX/INST_TX_INTRFCE/I_TX_FIFO/xpm_fifo_instance.xpm_fifo_async_inst/gnuram_async_fifo.xpm_fifo_base_inst/xpm_fifo_rst_inst/wr_pntr_plus1_pf_carry           | design_1_i/axi_ethernetlite_0/U0/XEMAC_I/EMAC_I/TX/INST_TX_INTRFCE/I_TX_FIFO/xpm_fifo_instance.xpm_fifo_async_inst/gnuram_async_fifo.xpm_fifo_base_inst/xpm_fifo_rst_inst/wrst_busy |                4 |             12 |
|  design_1_i/clk_wiz_0/inst/clk_out1                            | design_1_i/axi_ethernetlite_0/U0/XEMAC_I/EMAC_I/TX/INST_TX_STATE_MACHINE/CE                                                                                                                                | design_1_i/axi_ethernetlite_0/U0/XEMAC_I/EMAC_I/TX/INST_TX_STATE_MACHINE/txComboNibbleCntRst                                                                                        |                3 |             12 |
|  design_1_i/clk_wiz_0/inst/clk_out1                            | design_1_i/axi_ethernetlite_0/U0/XEMAC_I/EMAC_I/TX/INST_TX_STATE_MACHINE/STATE10A_0[0]                                                                                                                     | design_1_i/axi_ethernetlite_0/U0/XEMAC_I/EMAC_I/TX/INST_TX_STATE_MACHINE/s_axi_aresetn_0                                                                                            |                3 |             12 |
|  design_1_i/axi_ethernetlite_0/U0/phy_tx_clk_core              | design_1_i/axi_ethernetlite_0/U0/XEMAC_I/EMAC_I/TX/INST_TX_INTRFCE/I_TX_FIFO/xpm_fifo_instance.xpm_fifo_async_inst/gnuram_async_fifo.xpm_fifo_base_inst/rdp_inst/E[0]                                      | design_1_i/axi_ethernetlite_0/U0/XEMAC_I/EMAC_I/TX/INST_TX_INTRFCE/I_TX_FIFO/xpm_fifo_instance.xpm_fifo_async_inst/gnuram_async_fifo.xpm_fifo_base_inst/xpm_fifo_rst_inst/SR[0]     |                4 |             13 |
|  design_1_i/clk_wiz_0/inst/clk_out1                            | design_1_i/axi_ethernetlite_0/U0/XEMAC_I/MDIO_GEN.MDIO_IF_I/mdio_state                                                                                                                                     | design_1_i/axi_ethernetlite_0/U0/XEMAC_I/EMAC_I/TX/INST_TX_STATE_MACHINE/s_axi_aresetn_0                                                                                            |                4 |             13 |
|  design_1_i/clk_wiz_0/inst/clk_out1                            |                                                                                                                                                                                                            | design_1_i/axi_ethernetlite_0/U0/XEMAC_I/EMAC_I/RX/INST_RX_INTRFCE/I_RX_FIFO/SS[0]                                                                                                  |                7 |             13 |
|  design_1_i/clk_wiz_0/inst/clk_out1                            | design_1_i/axi_ethernetlite_0/U0/XEMAC_I/EMAC_I/RX/INST_RX_INTRFCE/I_RX_FIFO/xpm_fifo_instance.xpm_fifo_async_inst/gnuram_async_fifo.xpm_fifo_base_inst/rdp_inst/E[0]                                      | design_1_i/axi_ethernetlite_0/U0/XEMAC_I/EMAC_I/RX/INST_RX_INTRFCE/I_RX_FIFO/xpm_fifo_instance.xpm_fifo_async_inst/gnuram_async_fifo.xpm_fifo_base_inst/xpm_fifo_rst_inst/SR[0]     |                4 |             14 |
|  design_1_i/clk_wiz_0/inst/clk_out1                            | design_1_i/microblaze_0_axi_periph/xbar/inst/gen_sasd.crossbar_sasd_0/reg_slice_r/aa_rready                                                                                                                |                                                                                                                                                                                     |                5 |             15 |
|  design_1_i/clk_wiz_0/inst/clk_out1                            | design_1_i/microblaze_0/U0/MicroBlaze_Core_I/Performance.Core/Decode_I/PreFetch_Buffer_I1/Instruction_Prefetch_Mux[4].Gen_Instr_DFF/Using_FPGA.Native_2[0]                                                 | design_1_i/microblaze_0/U0/MicroBlaze_Core_I/sync_reset                                                                                                                             |                4 |             16 |
|  design_1_i/clk_wiz_0/inst/clk_out1                            | design_1_i/axi_ethernetlite_0/U0/I_AXI_NATIVE_IPIF/AXI4_LITE_IF_GEN.bus2ip_addr_i_reg[4]_0[0]                                                                                                              | design_1_i/axi_ethernetlite_0/U0/XEMAC_I/EMAC_I/TX/INST_TX_STATE_MACHINE/s_axi_aresetn_0                                                                                            |                5 |             16 |
|  design_1_i/clk_wiz_0/inst/clk_out1                            | design_1_i/axi_ethernetlite_0/U0/I_AXI_NATIVE_IPIF/AXI4_LITE_IF_GEN.bus2ip_addr_i_reg[2]_2[0]                                                                                                              | design_1_i/axi_ethernetlite_0/U0/XEMAC_I/EMAC_I/TX/INST_TX_STATE_MACHINE/s_axi_aresetn_0                                                                                            |                3 |             16 |
|  design_1_i/clk_wiz_0/inst/clk_out1                            | design_1_i/axi_ethernetlite_0/U0/I_AXI_NATIVE_IPIF/E[0]                                                                                                                                                    | design_1_i/axi_ethernetlite_0/U0/XEMAC_I/EMAC_I/TX/INST_TX_STATE_MACHINE/s_axi_aresetn_0                                                                                            |                4 |             16 |
|  design_1_i/clk_wiz_0/inst/clk_out1                            | design_1_i/microblaze_0/U0/MicroBlaze_Core_I/Performance.Core/Decode_I/mem_wait_on_ready_N_carry_or/MUXCY_I/lopt_1                                                                                         | design_1_i/microblaze_0/U0/MicroBlaze_Core_I/sync_reset                                                                                                                             |                7 |             20 |
|  design_1_i/mdm_1/U0/No_Dbg_Reg_Access.BUFG_DRCK/Ext_JTAG_DRCK |                                                                                                                                                                                                            | design_1_i/mdm_1/U0/Use_E2.BSCAN_I/shift_n_reset1_out                                                                                                                               |                3 |             23 |
|  design_1_i/clk_wiz_0/inst/clk_out1                            | design_1_i/microblaze_0_axi_periph/xbar/inst/gen_sasd.crossbar_sasd_0/addr_arbiter_inst/p_0_in1_in                                                                                                         | design_1_i/microblaze_0_axi_periph/xbar/inst/gen_sasd.crossbar_sasd_0/addr_arbiter_inst/SR[0]                                                                                       |                8 |             27 |
|  design_1_i/clk_wiz_0/inst/clk_out1                            | design_1_i/axi_uartlite_0/U0/UARTLITE_CORE_I/BAUD_RATE_I/p_2_out[0]                                                                                                                                        | design_1_i/axi_uartlite_0/U0/UARTLITE_CORE_I/UARTLITE_RX_I/s_axi_aresetn_0                                                                                                          |                5 |             28 |
|  design_1_i/clk_wiz_0/inst/clk_out1                            |                                                                                                                                                                                                            | design_1_i/axi_uartlite_0/U0/UARTLITE_CORE_I/UARTLITE_RX_I/s_axi_aresetn_0                                                                                                          |               10 |             30 |
|  design_1_i/mdm_1/U0/No_Dbg_Reg_Access.BUFG_DRCK/Ext_JTAG_DRCK | design_1_i/microblaze_0/U0/MicroBlaze_Core_I/Performance.Core/Use_Debug_Logic.Master_Core.Debug_Perf/New_Dbg_Instr_TCK                                                                                     |                                                                                                                                                                                     |               11 |             32 |
|  design_1_i/clk_wiz_0/inst/clk_out1                            | design_1_i/axi_ethernetlite_0/U0/XEMAC_I/EMAC_I/TX/INST_TX_STATE_MACHINE/E[0]                                                                                                                              | design_1_i/axi_ethernetlite_0/U0/XEMAC_I/EMAC_I/TX/INST_TX_STATE_MACHINE/SR[0]                                                                                                      |                8 |             32 |
|  design_1_i/clk_wiz_0/inst/clk_out1                            | design_1_i/microblaze_0_axi_periph/xbar/inst/gen_sasd.crossbar_sasd_0/addr_arbiter_inst/s_axi_rvalid[0]                                                                                                    | design_1_i/microblaze_0/U0/MicroBlaze_Core_I/sync_reset                                                                                                                             |                8 |             32 |
|  design_1_i/clk_wiz_0/inst/clk_out1                            | design_1_i/axi_ethernetlite_0/U0/I_AXI_NATIVE_IPIF/arready_i1                                                                                                                                              | design_1_i/axi_ethernetlite_0/U0/XEMAC_I/EMAC_I/TX/INST_TX_STATE_MACHINE/s_axi_aresetn_0                                                                                            |                8 |             32 |
|  design_1_i/clk_wiz_0/inst/clk_out1                            |                                                                                                                                                                                                            | design_1_i/microblaze_0/U0/MicroBlaze_Core_I/Performance.Core/p_1_out                                                                                                               |               10 |             32 |
|  design_1_i/clk_wiz_0/inst/clk_out1                            | design_1_i/microblaze_0/U0/MicroBlaze_Core_I/Performance.Core/Decode_I/Use_MuxCy[3].OF_Piperun_Stage/MUXCY_I/wb_exception_kind_i_reg[28][0]                                                                | design_1_i/microblaze_0/U0/MicroBlaze_Core_I/sync_reset                                                                                                                             |                6 |             32 |
|  design_1_i/clk_wiz_0/inst/clk_out1                            | design_1_i/microblaze_0/U0/MicroBlaze_Core_I/Performance.Core/Decode_I/PreFetch_Buffer_I1/Gen_Mux_Select_LUT6[2].Gen_Sel_DFF/Using_FPGA.Native_0[0]                                                        | design_1_i/microblaze_0/U0/MicroBlaze_Core_I/sync_reset                                                                                                                             |               12 |             32 |
|  design_1_i/clk_wiz_0/inst/clk_out1                            | design_1_i/microblaze_0/U0/MicroBlaze_Core_I/Performance.Core/Decode_I/mem_wait_on_ready_N_carry_or/MUXCY_I/lopt_1                                                                                         |                                                                                                                                                                                     |                5 |             32 |
|  design_1_i/clk_wiz_0/inst/clk_out1                            | design_1_i/axi_ethernetlite_0/U0/XEMAC_I/EMAC_I/RX/rxCrcEn_d1                                                                                                                                              | design_1_i/axi_ethernetlite_0/U0/XEMAC_I/EMAC_I/RX/INST_RX_STATE/state22a_0[0]                                                                                                      |                8 |             32 |
|  design_1_i/clk_wiz_0/inst/clk_out1                            | design_1_i/microblaze_0/U0/MicroBlaze_Core_I/Performance.Core/Decode_I/mem_wait_on_ready_N_carry_or/MUXCY_I/lopt_1                                                                                         | design_1_i/microblaze_0/U0/MicroBlaze_Core_I/Performance.Core/Decode_I/SR[0]                                                                                                        |                9 |             32 |
|  design_1_i/clk_wiz_0/inst/clk_out1                            | design_1_i/microblaze_0/U0/MicroBlaze_Core_I/Performance.Core/Use_Debug_Logic.Master_Core.Debug_Perf/data_rd_reg[0]_i_1_n_0                                                                                | design_1_i/microblaze_0/U0/MicroBlaze_Core_I/sync_reset                                                                                                                             |               10 |             32 |
|  design_1_i/clk_wiz_0/inst/clk_out1                            | design_1_i/microblaze_0/U0/MicroBlaze_Core_I/Performance.Core/Decode_I/Use_MuxCy[3].OF_Piperun_Stage/MUXCY_I/Using_FPGA.Native_0                                                                           | design_1_i/microblaze_0/U0/MicroBlaze_Core_I/Performance.Core/Decode_I/R                                                                                                            |               15 |             32 |
|  design_1_i/clk_wiz_0/inst/clk_out1                            | design_1_i/microblaze_0_axi_periph/xbar/inst/gen_sasd.crossbar_sasd_0/addr_arbiter_inst/E[0]                                                                                                               |                                                                                                                                                                                     |                6 |             33 |
|  design_1_i/axi_ethernetlite_0/U0/C                            |                                                                                                                                                                                                            |                                                                                                                                                                                     |                9 |             33 |
|  design_1_i/axi_ethernetlite_0/U0/phy_tx_clk_core              |                                                                                                                                                                                                            |                                                                                                                                                                                     |                6 |             36 |
|  design_1_i/mdm_1/U0/No_Dbg_Reg_Access.BUFG_DRCK/Ext_JTAG_DRCK | design_1_i/mdm_1/U0/Use_E2.BSCAN_I/Use_BSCAN.PORT_Selector_reg[0]                                                                                                                                          |                                                                                                                                                                                     |               13 |             47 |
|  design_1_i/clk_wiz_0/inst/clk_out1                            | design_1_i/microblaze_0/U0/MicroBlaze_Core_I/Performance.Core/Decode_I/PreFetch_Buffer_I1/Instruction_Prefetch_Mux[42].Instr_Mux_MUXF7/IReady_0                                                            |                                                                                                                                                                                     |               11 |             75 |
|  design_1_i/mdm_1/U0/No_Dbg_Reg_Access.BUFG_DRCK/Ext_JTAG_DRCK |                                                                                                                                                                                                            |                                                                                                                                                                                     |               33 |             80 |
|  design_1_i/clk_wiz_0/inst/clk_out1                            | design_1_i/microblaze_0/U0/MicroBlaze_Core_I/Performance.Core/Decode_I/Use_MuxCy[3].OF_Piperun_Stage/MUXCY_I/Using_FPGA.Native_0                                                                           | design_1_i/microblaze_0/U0/MicroBlaze_Core_I/sync_reset                                                                                                                             |               30 |             87 |
|  design_1_i/clk_wiz_0/inst/clk_out1                            | design_1_i/microblaze_0/U0/MicroBlaze_Core_I/Performance.Core/Decode_I/Performance_Debug_Control.dbg_state_nohalt_reg[34]                                                                                  |                                                                                                                                                                                     |               16 |            128 |
|  design_1_i/clk_wiz_0/inst/clk_out1                            |                                                                                                                                                                                                            | design_1_i/axi_ethernetlite_0/U0/XEMAC_I/EMAC_I/TX/INST_TX_STATE_MACHINE/s_axi_aresetn_0                                                                                            |               53 |            142 |
|  design_1_i/clk_wiz_0/inst/clk_out1                            |                                                                                                                                                                                                            | design_1_i/microblaze_0/U0/MicroBlaze_Core_I/sync_reset                                                                                                                             |               69 |            149 |
|  design_1_i/clk_wiz_0/inst/clk_out1                            |                                                                                                                                                                                                            |                                                                                                                                                                                     |               68 |            195 |
|  design_1_i/clk_wiz_0/inst/clk_out1                            | design_1_i/microblaze_0/U0/MicroBlaze_Core_I/Performance.Core/Decode_I/Use_MuxCy[11].OF_Piperun_Stage/MUXCY_I/of_pause_reg                                                                                 | design_1_i/microblaze_0/U0/MicroBlaze_Core_I/sync_reset                                                                                                                             |               79 |            218 |
+----------------------------------------------------------------+------------------------------------------------------------------------------------------------------------------------------------------------------------------------------------------------------------+-------------------------------------------------------------------------------------------------------------------------------------------------------------------------------------+------------------+----------------+


